Device: cuda
  Self-play: 50 games (8 workers, batch 32)
/usr/lib/python3.10/multiprocessing/resource_tracker.py:224: UserWarning: resource_tracker: There appear to be 3 leaked semaphore objects to clean up at shutdown
  warnings.warn('resource_tracker: There appear to be %d '
741, buffer=11308, p_loss=5.1466, v_loss=0.1206, time=1423.8s
  Self-play: 50 games (8 workers, batch 32)
Iter 2: games=50, positions=4925, buffer=16233, p_loss=4.7841, v_loss=0.1223, time=1530.0s
  Self-play: 50 games (8 workers, batch 32)
Iter 3: games=50, positions=5156, buffer=21389, p_loss=4.4122, v_loss=0.1214, time=1597.6s
  Self-play: 50 games (8 workers, batch 32)
Iter 4: games=50, positions=4299, buffer=25688, p_loss=4.0996, v_loss=0.1271, time=1307.1s
  Self-play: 50 games (8 workers, batch 32)
Iter 5: games=50, positions=4240, buffer=29928, p_loss=3.8484, v_loss=0.1261, time=1311.4s
  Self-play: 50 games (8 workers, batch 32)
Iter 6: games=50, positions=4532, buffer=34460, p_loss=3.6865, v_loss=0.1320, time=1379.3s
  Self-play: 50 games (8 workers, batch 32)
Iter 7: games=50, positions=4903, buffer=39363, p_loss=3.5550, v_loss=0.1395, time=1470.1s
  Self-play: 50 games (8 workers, batch 32)
Iter 8: games=50, positions=4985, buffer=44348, p_loss=3.4653, v_loss=0.1400, time=1492.9s
  Self-play: 50 games (8 workers, batch 32)
Iter 9: games=50, positions=4506, buffer=48854, p_loss=3.3715, v_loss=0.1471, time=1348.6s
  Self-play: 50 games (8 workers, batch 32)
Iter 10: games=50, positions=4544, buffer=50000, p_loss=3.2452, v_loss=0.1460, time=1366.7s
  Self-play: 50 games (8 workers, batch 32)
Iter 11: games=50, positions=4339, buffer=50000, p_loss=3.1515, v_loss=0.1498, time=1315.3s
  Self-play: 50 games (8 workers, batch 32)
Iter 12: games=50, positions=4540, buffer=50000, p_loss=3.0757, v_loss=0.1444, time=1388.1s
  Self-play: 50 games (8 workers, batch 32)
Resumed from iteration 12 (6x128)
Device: cuda
  Self-play: 50 games (8 workers, batch 32)
Iter 13: games=50, positions=4185, buffer=4185, p_loss=2.5266, v_loss=0.0989, time=1180.9s
  Self-play: 50 games (8 workers, batch 32)
Iter 14: games=50, positions=4932, buffer=9117, p_loss=2.4401, v_loss=0.0989, time=1372.4s
  Self-play: 50 games (8 workers, batch 32)
Iter 15: games=50, positions=4193, buffer=13310, p_loss=2.3697, v_loss=0.0955, time=1150.8s
  Self-play: 50 games (8 workers, batch 32)
Iter 16: games=50, positions=4923, buffer=18233, p_loss=2.4118, v_loss=0.1122, time=1399.6s
  Self-play: 50 games (8 workers, batch 32)
Iter 17: games=50, positions=4753, buffer=22986, p_loss=2.3884, v_loss=0.1177, time=1376.8s
  Self-play: 50 games (8 workers, batch 32)
Iter 18: games=50, positions=4870, buffer=27856, p_loss=2.3844, v_loss=0.1174, time=1400.6s
  Self-play: 50 games (8 workers, batch 32)
Iter 19: games=50, positions=4804, buffer=32660, p_loss=2.3942, v_loss=0.1185, time=1338.5s
  Self-play: 50 games (8 workers, batch 32)
Iter 20: games=50, positions=4553, buffer=37213, p_loss=2.3979, v_loss=0.1174, time=1254.9s
  Self-play: 50 games (8 workers, batch 32)
Iter 21: games=50, positions=4619, buffer=41832, p_loss=2.3772, v_loss=0.1187, time=1302.4s
  Self-play: 50 games (8 workers, batch 32)
Iter 22: games=50, positions=4272, buffer=46104, p_loss=2.3783, v_loss=0.1215, time=1153.2s
  Self-play: 50 games (8 workers, batch 32)
Iter 23: games=50, positions=3934, buffer=50000, p_loss=2.3872, v_loss=0.1182, time=1076.3s
  Self-play: 50 games (8 workers, batch 32)
Iter 24: games=50, positions=4625, buffer=50000, p_loss=2.4054, v_loss=0.1189, time=1270.0s
  Self-play: 50 games (8 workers, batch 32)
Iter 25: games=50, positions=4771, buffer=50000, p_loss=2.4263, v_loss=0.1245, time=1316.7s
  Self-play: 50 games (8 workers, batch 32)
Iter 26: games=50, positions=4847, buffer=50000, p_loss=2.4140, v_loss=0.1268, time=1315.4s
  Self-play: 50 games (8 workers, batch 32)
Iter 27: games=50, positions=4659, buffer=50000, p_loss=2.4313, v_loss=0.1302, time=1230.0s
  Self-play: 50 games (8 workers, batch 32)
Iter 28: games=50, positions=4684, buffer=50000, p_loss=2.4151, v_loss=0.1319, time=1237.9s
  Self-play: 50 games (8 workers, batch 32)
Iter 29: games=50, positions=4790, buffer=50000, p_loss=2.4036, v_loss=0.1319, time=1368.0s
  Self-play: 50 games (8 workers, batch 32)
Iter 30: games=50, positions=4575, buffer=50000, p_loss=2.3999, v_loss=0.1297, time=1286.2s
  Self-play: 50 games (8 workers, batch 32)
Iter 31: games=50, positions=4801, buffer=50000, p_loss=2.3944, v_loss=0.1268, time=1321.3s
  Self-play: 50 games (8 workers, batch 32)
Iter 32: games=50, positions=4861, buffer=50000, p_loss=2.3968, v_loss=0.1275, time=1371.4s
  Self-play: 50 games (8 workers, batch 32)
Iter 33: games=50, positions=4752, buffer=50000, p_loss=2.3968, v_loss=0.1279, time=1293.3s
  Self-play: 50 games (8 workers, batch 32)
Iter 34: games=50, positions=4948, buffer=50000, p_loss=2.3658, v_loss=0.1291, time=1335.5s
  Self-play: 50 games (8 workers, batch 32)
Iter 35: games=50, positions=4614, buffer=50000, p_loss=2.3512, v_loss=0.1269, time=1283.6s
  Self-play: 50 games (8 workers, batch 32)
Iter 36: games=50, positions=4625, buffer=50000, p_loss=2.3434, v_loss=0.1271, time=1290.1s
  Self-play: 50 games (8 workers, batch 32)
Iter 37: games=50, positions=4833, buffer=50000, p_loss=2.3420, v_loss=0.1273, time=1376.5s
  Self-play: 50 games (8 workers, batch 32)
Iter 38: games=50, positions=5111, buffer=50000, p_loss=2.3470, v_loss=0.1260, time=1426.5s
  Self-play: 50 games (8 workers, batch 32)
Iter 39: games=50, positions=4491, buffer=50000, p_loss=2.3177, v_loss=0.1256, time=1288.8s
  Self-play: 50 games (8 workers, batch 32)
Iter 40: games=50, positions=4699, buffer=50000, p_loss=2.3115, v_loss=0.1267, time=1443.7s
  Self-play: 50 games (8 workers, batch 32)
Iter 41: games=50, positions=4986, buffer=50000, p_loss=2.3304, v_loss=0.1263, time=1502.4s
  Self-play: 50 games (8 workers, batch 32)
Iter 42: games=50, positions=4743, buffer=50000, p_loss=2.3328, v_loss=0.1318, time=1314.7s
  Self-play: 50 games (8 workers, batch 32)
Iter 43: games=50, positions=5035, buffer=50000, p_loss=2.3147, v_loss=0.1356, time=1446.6s
  Self-play: 50 games (8 workers, batch 32)
Iter 44: games=50, positions=5100, buffer=50000, p_loss=2.2994, v_loss=0.1331, time=1484.4s
  Self-play: 50 games (8 workers, batch 32)
Iter 45: games=50, positions=4687, buffer=50000, p_loss=2.3113, v_loss=0.1385, time=1371.0s
  Self-play: 50 games (8 workers, batch 32)
Iter 46: games=50, positions=4608, buffer=50000, p_loss=2.2943, v_loss=0.1356, time=1327.7s
  Self-play: 50 games (8 workers, batch 32)
Iter 47: games=50, positions=4350, buffer=50000, p_loss=2.2681, v_loss=0.1337, time=1237.2s
  Self-play: 50 games (8 workers, batch 32)
Iter 48: games=50, positions=4488, buffer=50000, p_loss=2.2769, v_loss=0.1316, time=1267.0s
  Self-play: 50 games (8 workers, batch 32)
Iter 49: games=50, positions=4535, buffer=50000, p_loss=2.2657, v_loss=0.1273, time=1278.5s
  Self-play: 50 games (8 workers, batch 32)
Iter 50: games=50, positions=4704, buffer=50000, p_loss=2.2334, v_loss=0.1287, time=1328.1s
  Self-play: 50 games (8 workers, batch 32)
Iter 51: games=50, positions=4311, buffer=50000, p_loss=2.2549, v_loss=0.1285, time=1207.3s
  Self-play: 50 games (8 workers, batch 32)
Iter 52: games=50, positions=4623, buffer=50000, p_loss=2.2500, v_loss=0.1268, time=1309.9s
  Self-play: 50 games (8 workers, batch 32)
Iter 53: games=50, positions=4945, buffer=50000, p_loss=2.2524, v_loss=0.1262, time=1408.6s
  Self-play: 50 games (8 workers, batch 32)
Iter 54: games=50, positions=4599, buffer=50000, p_loss=2.2289, v_loss=0.1212, time=1315.2s
  Self-play: 50 games (8 workers, batch 32)
Iter 55: games=50, positions=4435, buffer=50000, p_loss=2.2273, v_loss=0.1244, time=1247.6s
  Self-play: 50 games (8 workers, batch 32)
Iter 56: games=50, positions=4487, buffer=50000, p_loss=2.2111, v_loss=0.1192, time=1266.8s
  Self-play: 50 games (8 workers, batch 32)
Iter 57: games=50, positions=4583, buffer=50000, p_loss=2.2140, v_loss=0.1241, time=1313.2s
  Self-play: 50 games (8 workers, batch 32)
Iter 58: games=50, positions=4540, buffer=50000, p_loss=2.2041, v_loss=0.1266, time=1275.4s
  Self-play: 50 games (8 workers, batch 32)
Iter 59: games=50, positions=4505, buffer=50000, p_loss=2.2265, v_loss=0.1218, time=1309.5s
  Self-play: 50 games (8 workers, batch 32)
Iter 60: games=50, positions=4344, buffer=50000, p_loss=2.2397, v_loss=0.1189, time=1268.7s
  Self-play: 50 games (8 workers, batch 32)
Iter 61: games=50, positions=4389, buffer=50000, p_loss=2.2225, v_loss=0.1164, time=1292.3s
  Self-play: 50 games (8 workers, batch 32)
Iter 62: games=50, positions=4888, buffer=50000, p_loss=2.1974, v_loss=0.1182, time=1456.3s
  Self-play: 50 games (8 workers, batch 32)
Iter 63: games=50, positions=4202, buffer=50000, p_loss=2.1930, v_loss=0.1165, time=1258.3s
  Self-play: 50 games (8 workers, batch 32)
Iter 64: games=50, positions=4706, buffer=50000, p_loss=2.1897, v_loss=0.1206, time=1417.5s
  Self-play: 50 games (8 workers, batch 32)
Iter 65: games=50, positions=4561, buffer=50000, p_loss=2.1932, v_loss=0.1185, time=1387.3s
  Self-play: 50 games (8 workers, batch 32)
Iter 66: games=50, positions=4348, buffer=50000, p_loss=2.1803, v_loss=0.1166, time=1282.1s
  Self-play: 50 games (8 workers, batch 32)
